<?xml version="1.0" encoding="UTF-8"?>
<!-- Generated by org.testng.reporters.JUnitReportReporter -->
<testsuite hostname="a-12p8hcyoh0deq" failures="0" tests="1" name="TC_InVue.TC_Login_001" time="0.474" errors="0" timestamp="2021-09-24T23:07:11 IST" skipped="0">
  <testcase classname="TC_InVue.TC_Login_001" name="loginTest" time="0.474"/>
  <system-out/>
</testsuite> <!-- TC_InVue.TC_Login_001 -->
